#
# There is insufficient memory for the Java Runtime Environment to continue.
# Native memory allocation (malloc) failed to allocate 475792 bytes for Chunk::new
# Possible reasons:
#   The system is out of physical RAM or swap space
#   The process is running with CompressedOops enabled, and the Java Heap may be blocking the growth of the native heap
# Possible solutions:
#   Reduce memory load on the system
#   Increase physical memory or swap space
#   Check if swap backing store is full
#   Decrease Java heap size (-Xmx/-Xms)
#   Decrease number of Java threads
#   Decrease Java thread stack sizes (-Xss)
#   Set larger code cache with -XX:ReservedCodeCacheSize=
#   JVM is running with Unscaled Compressed Oops mode in which the Java heap is
#     placed in the first 4GB address space. The Java Heap base address is the
#     maximum limit for the native heap growth. Please use -XX:HeapBaseMinAddress
#     to set the Java Heap base and to place the Java Heap above 4GB virtual address.
# This output file may be truncated or incomplete.
#
#  Out of Memory Error (allocation.cpp:389), pid=6476, tid=0x000000000000208c
#
# JRE version: OpenJDK Runtime Environment (8.0_242-b01) (build 1.8.0_242-release-1644-b01)
# Java VM: OpenJDK 64-Bit Server VM (25.242-b01 mixed mode windows-amd64 compressed oops)
# Failed to write core dump. Minidumps are not enabled by default on client versions of Windows
#

---------------  T H R E A D  ---------------

Current thread (0x0000000017026800):  JavaThread "C2 CompilerThread0" daemon [_thread_in_native, id=8332, stack(0x00000000186a0000,0x00000000187a0000)]

Stack: [0x00000000186a0000,0x00000000187a0000]
[error occurred during error reporting (printing stack bounds), id 0xc0000005]

Native frames: (J=compiled Java code, j=interpreted, Vv=VM code, C=native code)


Current CompileTask:
C2: 161939 18733       4       org.gradle.internal.service.DefaultServiceRegistry$OwnServices::getService (309 bytes)


---------------  P R O C E S S  ---------------

Java Threads: ( => current thread )
  0x000000001d259800 JavaThread "Build operations Thread 4" [_thread_blocked, id=11920, stack(0x0000000020a90000,0x0000000020b90000)]
  0x000000001d259000 JavaThread "Build operations Thread 3" [_thread_blocked, id=11024, stack(0x0000000020990000,0x0000000020a90000)]
  0x0000000022c6b000 JavaThread "Build operations Thread 2" [_thread_blocked, id=7428, stack(0x0000000020890000,0x0000000020990000)]
  0x0000000022c6a000 JavaThread "Build operations" [_thread_blocked, id=11488, stack(0x000000001f890000,0x000000001f990000)]
  0x0000000022c68800 JavaThread "Cache worker for cache directory md-rule (C:\Users\pafim\.gradle\caches\6.1.1\md-rule)" [_thread_blocked, id=13348, stack(0x000000001f330000,0x000000001f430000)]
  0x0000000022c69800 JavaThread "Cache worker for cache directory md-supplier (C:\Users\pafim\.gradle\caches\6.1.1\md-supplier)" [_thread_blocked, id=13364, stack(0x000000001f230000,0x000000001f330000)]
  0x0000000022c6c800 JavaThread "Cache worker for file hash cache (C:\Users\pafim\AndroidStudioProjects\SkillDvor\.gradle\6.1.1\fileHashes)" [_thread_blocked, id=13380, stack(0x000000001e100000,0x000000001e200000)]
  0x0000000022c6f800 JavaThread "Cache worker for checksums cache (C:\Users\pafim\AndroidStudioProjects\SkillDvor\.gradle\checksums)" [_thread_blocked, id=13360, stack(0x000000001c930000,0x000000001ca30000)]
  0x0000000022c60800 JavaThread "Thread-52" [_thread_blocked, id=13372, stack(0x000000001c630000,0x000000001c730000)]
  0x0000000022c61000 JavaThread "Stdin handler" [_thread_blocked, id=13352, stack(0x000000001c530000,0x000000001c630000)]
  0x0000000022c67000 JavaThread "Asynchronous log dispatcher for DefaultDaemonConnection: socket connection from /127.0.0.1:51077 to /127.0.0.1:51220" [_thread_blocked, id=13356, stack(0x000000001c230000,0x000000001c330000)]
  0x0000000022c66800 JavaThread "Daemon worker Thread 2" [_thread_in_native, id=10256, stack(0x000000001c130000,0x000000001c230000)]
  0x0000000022c65800 JavaThread "Cancel handler" [_thread_blocked, id=5220, stack(0x0000000000800000,0x0000000000900000)]
  0x0000000022c65000 JavaThread "Handler for socket connection from /127.0.0.1:51077 to /127.0.0.1:51220" [_thread_in_native, id=11716, stack(0x0000000000700000,0x0000000000800000)]
  0x0000000022c64000 JavaThread "Daemon Thread 2" [_thread_blocked, id=10672, stack(0x00000000005e0000,0x00000000006e0000)]
  0x0000000022c62000 JavaThread "Cache worker for file content cache (C:\Users\pafim\.gradle\caches\6.1.1\fileContent)" [_thread_blocked, id=12828, stack(0x0000000025c00000,0x0000000025d00000)]
  0x00000000188ac000 JavaThread "Memory manager" [_thread_blocked, id=11592, stack(0x00000000224a0000,0x00000000225a0000)]
  0x00000000188ae800 JavaThread "Cache worker for execution history cache (C:\Users\pafim\.gradle\caches\6.1.1\executionHistory)" [_thread_blocked, id=5404, stack(0x000000001f990000,0x000000001fa90000)]
  0x00000000188a8800 JavaThread "Cache worker for file hash cache (C:\Users\pafim\.gradle\caches\6.1.1\fileHashes)" [_thread_blocked, id=13268, stack(0x000000001ce30000,0x000000001cf30000)]
  0x00000000188ad800 JavaThread "File lock request listener" [_thread_in_native, id=3080, stack(0x000000001cd30000,0x000000001ce30000)]
  0x000000001adc6000 JavaThread "Cache worker for journal cache (C:\Users\pafim\.gradle\caches\journal-1)" [_thread_blocked, id=13288, stack(0x000000001cc30000,0x000000001cd30000)]
  0x000000001ac82800 JavaThread "Daemon periodic checks" [_thread_blocked, id=11896, stack(0x000000001c030000,0x000000001c130000)]
  0x000000001ac3f000 JavaThread "Incoming local TCP Connector on port 51077" [_thread_in_native, id=4396, stack(0x00000000190c0000,0x00000000191c0000)]
  0x000000001ad09800 JavaThread "Daemon health stats" [_thread_blocked, id=2220, stack(0x0000000018fa0000,0x00000000190a0000)]
  0x00000000188bf000 JavaThread "Service Thread" daemon [_thread_blocked, id=6296, stack(0x0000000018da0000,0x0000000018ea0000)]
  0x00000000188af000 JavaThread "C1 CompilerThread2" daemon [_thread_blocked, id=5328, stack(0x0000000018ca0000,0x0000000018da0000)]
  0x000000001702b800 JavaThread "C2 CompilerThread1" daemon [_thread_in_native, id=6888, stack(0x00000000187a0000,0x00000000188a0000)]
=>0x0000000017026800 JavaThread "C2 CompilerThread0" daemon [_thread_in_native, id=8332, stack(0x00000000186a0000,0x00000000187a0000)]
  0x0000000017024800 JavaThread "Attach Listener" daemon [_thread_blocked, id=10908, stack(0x00000000185a0000,0x00000000186a0000)]
  0x0000000017023000 JavaThread "Signal Dispatcher" daemon [_thread_blocked, id=12684, stack(0x00000000184a0000,0x00000000185a0000)]
  0x00000000023fa000 JavaThread "Finalizer" daemon [_thread_blocked, id=5816, stack(0x0000000018290000,0x0000000018390000)]
  0x00000000023f1000 JavaThread "Reference Handler" daemon [_thread_blocked, id=3616, stack(0x0000000018190000,0x0000000018290000)]
  0x000000000229d800 JavaThread "main" [_thread_blocked, id=12888, stack(0x0000000002160000,0x0000000002260000)]

Other Threads:
  0x0000000016fe6800 VMThread [stack: 0x0000000018090000,0x0000000018190000] [id=9228]
  0x00000000188bf800 WatcherThread [stack: 0x0000000018ea0000,0x0000000018fa0000] [id=6684]

VM state:not at safepoint (normal execution)

VM Mutex/Monitor currently owned by a thread: None

heap address: 0x0000000080000000, size: 2048 MB, Compressed Oops mode: 32-bit
Narrow klass base: 0x0000000000000000, Narrow klass shift: 3
Compressed class space size: 1073741824 Address: 0x0000000100000000

Heap:
 PSYoungGen      total 645632K, used 534546K [0x00000000d5580000, 0x00000000ffb00000, 0x0000000100000000)
  eden space 596992K, 85% used [0x00000000d5580000,0x00000000f47c7a28,0x00000000f9c80000)
  from space 48640K, 49% used [0x00000000fcb80000,0x00000000fe33d0b8,0x00000000ffb00000)
  to   space 48128K, 0% used [0x00000000f9c80000,0x00000000f9c80000,0x00000000fcb80000)
 ParOldGen       total 374784K, used 90456K [0x0000000080000000, 0x0000000096e00000, 0x00000000d5580000)
  object space 374784K, 24% used [0x0000000080000000,0x0000000085856130,0x0000000096e00000)
 Metaspace       used 97317K, capacity 102024K, committed 102296K, reserved 1138688K
  class space    used 12720K, capacity 13612K, committed 13720K, reserved 1048576K

Card table byte_map: [0x00000000117c0000,0x0000000011bd0000] byte_map_base: 0x00000000113c0000

Marking Bits: (ParMarkBitMap*) 0x000000005cf2f030
 Begin Bits: [0x0000000012280000, 0x0000000014280000)
 End Bits:   [0x0000000014280000, 0x0000000016280000)

Polling page: 0x0000000002260000

CodeCache: size=245760Kb used=54883Kb max_used=57639Kb free=190876Kb
 bounds [0x0000000002400000, 0x0000000005ca0000, 0x0000000011400000]
 total_blobs=16438 nmethods=15542 adapters=805
 compilation: enabled

Compilation events (10 events):
Event: 161.915 Thread 0x000000001702b800 18791       4       org.gradle.api.internal.artifacts.ivyservice.resolveengine.artifact.DefaultArtifactSet::select (25 bytes)
Event: 161.915 Thread 0x00000000188af000 nmethod 18789 0x000000000507b090 code [0x000000000507b220, 0x000000000507b888]
Event: 161.917 Thread 0x000000001702b800 nmethod 18791 0x00000000031c5710 code [0x00000000031c5860, 0x00000000031c59a8]
Event: 161.917 Thread 0x000000001702b800 18792       4       org.gradle.cache.internal.DefaultCacheAccess$UnitOfWorkFileAccess::readFile (14 bytes)
Event: 161.917 Thread 0x00000000188af000 18793       3       org.gradle.api.internal.artifacts.ivyservice.modulecache.artifacts.DefaultModuleArtifactCache$CachedArtifactSerializer::read (116 bytes)
Event: 161.918 Thread 0x00000000188af000 nmethod 18793 0x0000000004c75a50 code [0x0000000004c75ce0, 0x0000000004c76d38]
Event: 161.922 Thread 0x00000000188af000 18795       3       org.gradle.api.internal.artifacts.ivyservice.ivyresolve.CachingModuleComponentRepository$LocateInCacheRepositoryAccess::resolveArtifactFromCache (270 bytes)
Event: 161.924 Thread 0x00000000188af000 nmethod 18795 0x00000000055c0250 code [0x00000000055c0720, 0x00000000055c3518]
Event: 161.926 Thread 0x00000000188af000 18796       3       org.gradle.composite.internal.CompositeBuildClassPathInitializer::build (120 bytes)
Event: 161.926 Thread 0x00000000188af000 nmethod 18796 0x0000000003d792d0 code [0x0000000003d79500, 0x0000000003d7a0e8]

GC Heap History (10 events):
Event: 73.966 GC heap before
{Heap before GC invocations=18 (full 4):
 PSYoungGen      total 641024K, used 590549K [0x00000000d5580000, 0x00000000fff00000, 0x0000000100000000)
  eden space 584192K, 100% used [0x00000000d5580000,0x00000000f9000000,0x00000000f9000000)
  from space 56832K, 11% used [0x00000000f9000000,0x00000000f9635590,0x00000000fc780000)
  to   space 56832K, 0% used [0x00000000fc780000,0x00000000fc780000,0x00000000fff00000)
 ParOldGen       total 374784K, used 90432K [0x0000000080000000, 0x0000000096e00000, 0x00000000d5580000)
  object space 374784K, 24% used [0x0000000080000000,0x0000000085850130,0x0000000096e00000)
 Metaspace       used 95751K, capacity 100302K, committed 100504K, reserved 1136640K
  class space    used 12532K, capacity 13415K, committed 13464K, reserved 1048576K
Event: 73.983 GC heap after
Heap after GC invocations=18 (full 4):
 PSYoungGen      total 641024K, used 10328K [0x00000000d5580000, 0x00000000ffe00000, 0x0000000100000000)
  eden space 585216K, 0% used [0x00000000d5580000,0x00000000d5580000,0x00000000f9100000)
  from space 55808K, 18% used [0x00000000fc780000,0x00000000fd1962c0,0x00000000ffe00000)
  to   space 55808K, 0% used [0x00000000f9100000,0x00000000f9100000,0x00000000fc780000)
 ParOldGen       total 374784K, used 90440K [0x0000000080000000, 0x0000000096e00000, 0x00000000d5580000)
  object space 374784K, 24% used [0x0000000080000000,0x0000000085852130,0x0000000096e00000)
 Metaspace       used 95751K, capacity 100302K, committed 100504K, reserved 1136640K
  class space    used 12532K, capacity 13415K, committed 13464K, reserved 1048576K
}
Event: 76.438 GC heap before
{Heap before GC invocations=19 (full 4):
 PSYoungGen      total 641024K, used 595544K [0x00000000d5580000, 0x00000000ffe00000, 0x0000000100000000)
  eden space 585216K, 100% used [0x00000000d5580000,0x00000000f9100000,0x00000000f9100000)
  from space 55808K, 18% used [0x00000000fc780000,0x00000000fd1962c0,0x00000000ffe00000)
  to   space 55808K, 0% used [0x00000000f9100000,0x00000000f9100000,0x00000000fc780000)
 ParOldGen       total 374784K, used 90440K [0x0000000080000000, 0x0000000096e00000, 0x00000000d5580000)
  object space 374784K, 24% used [0x0000000080000000,0x0000000085852130,0x0000000096e00000)
 Metaspace       used 96425K, capacity 100982K, committed 101144K, reserved 1136640K
  class space    used 12609K, capacity 13493K, committed 13592K, reserved 1048576K
Event: 76.460 GC heap after
Heap after GC invocations=19 (full 4):
 PSYoungGen      total 608768K, used 23318K [0x00000000d5580000, 0x00000000ffa00000, 0x0000000100000000)
  eden space 585216K, 0% used [0x00000000d5580000,0x00000000d5580000,0x00000000f9100000)
  from space 23552K, 99% used [0x00000000f9100000,0x00000000fa7c5b58,0x00000000fa800000)
  to   space 52736K, 0% used [0x00000000fc680000,0x00000000fc680000,0x00000000ffa00000)
 ParOldGen       total 374784K, used 90448K [0x0000000080000000, 0x0000000096e00000, 0x00000000d5580000)
  object space 374784K, 24% used [0x0000000080000000,0x0000000085854130,0x0000000096e00000)
 Metaspace       used 96425K, capacity 100982K, committed 101144K, reserved 1136640K
  class space    used 12609K, capacity 13493K, committed 13592K, reserved 1048576K
}
Event: 79.684 GC heap before
{Heap before GC invocations=20 (full 4):
 PSYoungGen      total 608768K, used 608534K [0x00000000d5580000, 0x00000000ffa00000, 0x0000000100000000)
  eden space 585216K, 100% used [0x00000000d5580000,0x00000000f9100000,0x00000000f9100000)
  from space 23552K, 99% used [0x00000000f9100000,0x00000000fa7c5b58,0x00000000fa800000)
  to   space 52736K, 0% used [0x00000000fc680000,0x00000000fc680000,0x00000000ffa00000)
 ParOldGen       total 374784K, used 90448K [0x0000000080000000, 0x0000000096e00000, 0x00000000d5580000)
  object space 374784K, 24% used [0x0000000080000000,0x0000000085854130,0x0000000096e00000)
 Metaspace       used 96473K, capacity 101014K, committed 101144K, reserved 1136640K
  class space    used 12612K, capacity 13497K, committed 13592K, reserved 1048576K
Event: 79.697 GC heap after
Heap after GC invocations=20 (full 4):
 PSYoungGen      total 641536K, used 12634K [0x00000000d5580000, 0x0000000100000000, 0x0000000100000000)
  eden space 588800K, 0% used [0x00000000d5580000,0x00000000d5580000,0x00000000f9480000)
  from space 52736K, 23% used [0x00000000fc680000,0x00000000fd2d69e0,0x00000000ffa00000)
  to   space 51200K, 0% used [0x00000000f9480000,0x00000000f9480000,0x00000000fc680000)
 ParOldGen       total 374784K, used 90448K [0x0000000080000000, 0x0000000096e00000, 0x00000000d5580000)
  object space 374784K, 24% used [0x0000000080000000,0x0000000085854130,0x0000000096e00000)
 Metaspace       used 96473K, capacity 101014K, committed 101144K, reserved 1136640K
  class space    used 12612K, capacity 13497K, committed 13592K, reserved 1048576K
}
Event: 83.597 GC heap before
{Heap before GC invocations=21 (full 4):
 PSYoungGen      total 641536K, used 601434K [0x00000000d5580000, 0x0000000100000000, 0x0000000100000000)
  eden space 588800K, 100% used [0x00000000d5580000,0x00000000f9480000,0x00000000f9480000)
  from space 52736K, 23% used [0x00000000fc680000,0x00000000fd2d69e0,0x00000000ffa00000)
  to   space 51200K, 0% used [0x00000000f9480000,0x00000000f9480000,0x00000000fc680000)
 ParOldGen       total 374784K, used 90448K [0x0000000080000000, 0x0000000096e00000, 0x00000000d5580000)
  object space 374784K, 24% used [0x0000000080000000,0x0000000085854130,0x0000000096e00000)
 Metaspace       used 96535K, capacity 101086K, committed 101400K, reserved 1136640K
  class space    used 12612K, capacity 13497K, committed 13592K, reserved 1048576K
Event: 83.623 GC heap after
Heap after GC invocations=21 (full 4):
 PSYoungGen      total 640000K, used 25363K [0x00000000d5580000, 0x00000000ffc80000, 0x0000000100000000)
  eden space 588800K, 0% used [0x00000000d5580000,0x00000000d5580000,0x00000000f9480000)
  from space 51200K, 49% used [0x00000000f9480000,0x00000000fad44eb0,0x00000000fc680000)
  to   space 50176K, 0% used [0x00000000fcb80000,0x00000000fcb80000,0x00000000ffc80000)
 ParOldGen       total 374784K, used 90456K [0x0000000080000000, 0x0000000096e00000, 0x00000000d5580000)
  object space 374784K, 24% used [0x0000000080000000,0x0000000085856130,0x0000000096e00000)
 Metaspace       used 96535K, capacity 101086K, committed 101400K, reserved 1136640K
  class space    used 12612K, capacity 13497K, committed 13592K, reserved 1048576K
}
Event: 86.673 GC heap before
{Heap before GC invocations=22 (full 4):
 PSYoungGen      total 640000K, used 614163K [0x00000000d5580000, 0x00000000ffc80000, 0x0000000100000000)
  eden space 588800K, 100% used [0x00000000d5580000,0x00000000f9480000,0x00000000f9480000)
  from space 51200K, 49% used [0x00000000f9480000,0x00000000fad44eb0,0x00000000fc680000)
  to   space 50176K, 0% used [0x00000000fcb80000,0x00000000fcb80000,0x00000000ffc80000)
 ParOldGen       total 374784K, used 90456K [0x0000000080000000, 0x0000000096e00000, 0x00000000d5580000)
  object space 374784K, 24% used [0x0000000080000000,0x0000000085856130,0x0000000096e00000)
 Metaspace       used 96573K, capacity 101168K, committed 101400K, reserved 1136640K
  class space    used 12614K, capacity 13500K, committed 13592K, reserved 1048576K
Event: 86.699 GC heap after
Heap after GC invocations=22 (full 4):
 PSYoungGen      total 645632K, used 24308K [0x00000000d5580000, 0x00000000ffb00000, 0x0000000100000000)
  eden space 596992K, 0% used [0x00000000d5580000,0x00000000d5580000,0x00000000f9c80000)
  from space 48640K, 49% used [0x00000000fcb80000,0x00000000fe33d0b8,0x00000000ffb00000)
  to   space 48128K, 0% used [0x00000000f9c80000,0x00000000f9c80000,0x00000000fcb80000)
 ParOldGen       total 374784K, used 90456K [0x0000000080000000, 0x0000000096e00000, 0x00000000d5580000)
  object space 374784K, 24% used [0x0000000080000000,0x0000000085856130,0x0000000096e00000)
 Metaspace       used 96573K, capacity 101168K, committed 101400K, reserved 1136640K
  class space    used 12614K, capacity 13500K, committed 13592K, reserved 1048576K
}

Deoptimization events (10 events):
Event: 89.275 Thread 0x000000001ad22000 Uncommon trap: reason=class_check action=maybe_recompile pc=0x00000000046082a4 method=com.google.common.collect.ImmutableMap.copyOf(Ljava/util/Map;)Lcom/google/common/collect/ImmutableMap; @ 49
Event: 89.428 Thread 0x000000001ad22000 Uncommon trap: reason=unstable_if action=reinterpret pc=0x0000000004495ba0 method=java.util.HashMap.removeNode(ILjava/lang/Object;Ljava/lang/Object;ZZ)Ljava/util/HashMap$Node; @ 71
Event: 89.430 Thread 0x0000000022c64000 Uncommon trap: reason=unstable_if action=reinterpret pc=0x00000000046d7ed0 method=java.util.concurrent.locks.AbstractQueuedSynchronizer$ConditionObject.awaitNanos(J)J @ 89
Event: 89.654 Thread 0x000000001ad22000 Uncommon trap: reason=unstable_if action=reinterpret pc=0x000000000352ac98 method=org.gradle.internal.logging.text.AbstractLineChoppingStyledTextOutput$2.execute(Lorg/gradle/internal/logging/text/AbstractLineChoppingStyledTextOutput$StateContext;)V @ 30
Event: 89.655 Thread 0x000000001ad22000 Uncommon trap: reason=unstable_if action=reinterpret pc=0x000000000285e64c method=org.gradle.internal.logging.text.AbstractLineChoppingStyledTextOutput$2.execute(Lorg/gradle/internal/logging/text/AbstractLineChoppingStyledTextOutput$StateContext;)V @ 30
Event: 161.783 Thread 0x0000000022c65000 Uncommon trap: reason=class_check action=maybe_recompile pc=0x0000000003ac54d4 method=java.lang.reflect.Array.newInstance(Ljava/lang/Class;I)Ljava/lang/Object; @ 2
Event: 161.826 Thread 0x0000000022c66800 Uncommon trap: reason=array_check action=maybe_recompile pc=0x0000000003de05c4 method=com.google.common.collect.ImmutableSet.construct(I[Ljava/lang/Object;)Lcom/google/common/collect/ImmutableSet; @ 122
Event: 161.826 Thread 0x0000000022c66800 Uncommon trap: reason=array_check action=maybe_recompile pc=0x0000000003de05c4 method=com.google.common.collect.ImmutableSet.construct(I[Ljava/lang/Object;)Lcom/google/common/collect/ImmutableSet; @ 122
Event: 161.826 Thread 0x0000000022c66800 Uncommon trap: reason=array_check action=maybe_recompile pc=0x0000000003de05c4 method=com.google.common.collect.ImmutableSet.construct(I[Ljava/lang/Object;)Lcom/google/common/collect/ImmutableSet; @ 122
Event: 161.826 Thread 0x0000000022c66800 Uncommon trap: reason=array_check action=maybe_recompile pc=0x0000000003de05c4 method=com.google.common.collect.ImmutableSet.construct(I[Ljava/lang/Object;)Lcom/google/common/collect/ImmutableSet; @ 122

Classes redefined (0 events):
No events

Internal exceptions (10 events):
Event: 84.191 Thread 0x0000000022c66800 Exception <a 'sun/nio/fs/WindowsException'> (0x00000000de22c120) thrown at [C:\src\AOSP-openjdk-git\hotspot\src\share\vm\prims\jni.cpp, line 710]
Event: 84.506 Thread 0x0000000022c60800 Exception <a 'sun/nio/fs/WindowsException'> (0x00000000e1c83dd0) thrown at [C:\src\AOSP-openjdk-git\hotspot\src\share\vm\prims\jni.cpp, line 710]
Event: 84.514 Thread 0x0000000022c60800 Exception <a 'sun/nio/fs/WindowsException'> (0x00000000e22283a8) thrown at [C:\src\AOSP-openjdk-git\hotspot\src\share\vm\prims\jni.cpp, line 710]
Event: 84.604 Thread 0x0000000022c66800 Exception <a 'sun/nio/fs/WindowsException'> (0x00000000de299fc0) thrown at [C:\src\AOSP-openjdk-git\hotspot\src\share\vm\prims\jni.cpp, line 710]
Event: 84.688 Thread 0x0000000022c60800 Exception <a 'sun/nio/fs/WindowsException'> (0x00000000e28c4fb0) thrown at [C:\src\AOSP-openjdk-git\hotspot\src\share\vm\prims\jni.cpp, line 710]
Event: 84.741 Thread 0x0000000022c66800 Exception <a 'sun/nio/fs/WindowsException'> (0x00000000e5d978d0) thrown at [C:\src\AOSP-openjdk-git\hotspot\src\share\vm\prims\jni.cpp, line 710]
Event: 84.886 Thread 0x0000000022c67000 Exception <a 'sun/nio/fs/WindowsException'> (0x00000000e7108b48) thrown at [C:\src\AOSP-openjdk-git\hotspot\src\share\vm\prims\jni.cpp, line 710]
Event: 88.376 Thread 0x0000000022c60800 Exception <a 'sun/nio/fs/WindowsException'> (0x00000000ef7850b8) thrown at [C:\src\AOSP-openjdk-git\hotspot\src\share\vm\prims\jni.cpp, line 710]
Event: 88.957 Thread 0x000000001ad22000 Exception <a 'sun/nio/fs/WindowsException'> (0x00000000f12855a0) thrown at [C:\src\AOSP-openjdk-git\hotspot\src\share\vm\prims\jni.cpp, line 710]
Event: 89.652 Thread 0x000000001ad22000 Exception <a 'sun/nio/fs/WindowsException'> (0x00000000f1d73f40) thrown at [C:\src\AOSP-openjdk-git\hotspot\src\share\vm\prims\jni.cpp, line 710]

Events (10 events):
Event: 161.872 Thread 0x000000001702b800 flushing nmethod 0x00000000058fe450
Event: 161.872 Thread 0x000000001702b800 flushing nmethod 0x000000000598f090
Event: 161.873 Thread 0x000000001702b800 flushing nmethod 0x0000000005a7fbd0
Event: 161.873 Thread 0x000000001702b800 flushing nmethod 0x0000000005b18410
Event: 161.914 Thread 0x0000000022c6a000 Thread added: 0x0000000022c6a000
Event: 161.915 Thread 0x0000000022c6b000 Thread added: 0x0000000022c6b000
Event: 161.915 Thread 0x000000001d259000 Thread added: 0x000000001d259000
Event: 161.915 Thread 0x000000001d259800 Thread added: 0x000000001d259800
Event: 161.915 Executing VM operation: RevokeBias
Event: 161.915 Executing VM operation: RevokeBias done


Dynamic libraries:
0x00007ff647ac0000 - 0x00007ff647af1000 	E:\AndroidStudio\jre\bin\java.exe
0x00007ffc45270000 - 0x00007ffc45466000 	C:\Windows\SYSTEM32\ntdll.dll
0x00007ffc44900000 - 0x00007ffc449bd000 	C:\Windows\System32\KERNEL32.DLL
0x00007ffc429b0000 - 0x00007ffc42c79000 	C:\Windows\System32\KERNELBASE.dll
0x00007ffc44260000 - 0x00007ffc4430c000 	C:\Windows\System32\ADVAPI32.dll
0x00007ffc43380000 - 0x00007ffc4341e000 	C:\Windows\System32\msvcrt.dll
0x00007ffc44400000 - 0x00007ffc4449c000 	C:\Windows\System32\sechost.dll
0x00007ffc444a0000 - 0x00007ffc445cb000 	C:\Windows\System32\RPCRT4.dll
0x00007ffc44f60000 - 0x00007ffc45100000 	C:\Windows\System32\USER32.dll
0x00007ffc42d80000 - 0x00007ffc42da2000 	C:\Windows\System32\win32u.dll
0x00007ffc447d0000 - 0x00007ffc447fa000 	C:\Windows\System32\GDI32.dll
0x00007ffc430c0000 - 0x00007ffc431cb000 	C:\Windows\System32\gdi32full.dll
0x00007ffc42ce0000 - 0x00007ffc42d7d000 	C:\Windows\System32\msvcp_win.dll
0x00007ffc42f10000 - 0x00007ffc43010000 	C:\Windows\System32\ucrtbase.dll
0x00007ffc2f260000 - 0x00007ffc2f4fb000 	C:\Windows\WinSxS\amd64_microsoft.windows.common-controls_6595b64144ccf1df_6.0.19041.746_none_ca02b4b61b8320a4\COMCTL32.dll
0x00007ffc43780000 - 0x00007ffc437b0000 	C:\Windows\System32\IMM32.DLL
0x000000005c5a0000 - 0x000000005c672000 	E:\AndroidStudio\jre\jre\bin\msvcr100.dll
0x000000005c760000 - 0x000000005cfab000 	E:\AndroidStudio\jre\jre\bin\server\jvm.dll
0x00007ffc44800000 - 0x00007ffc44808000 	C:\Windows\System32\PSAPI.DLL
0x00007ffc38d20000 - 0x00007ffc38d47000 	C:\Windows\SYSTEM32\WINMM.dll
0x00007ffc39860000 - 0x00007ffc3986a000 	C:\Windows\SYSTEM32\VERSION.dll
0x00007ffc34190000 - 0x00007ffc34199000 	C:\Windows\SYSTEM32\WSOCK32.dll
0x00007ffc44310000 - 0x00007ffc4437b000 	C:\Windows\System32\WS2_32.dll
0x00007ffc3e980000 - 0x00007ffc3e98f000 	E:\AndroidStudio\jre\jre\bin\verify.dll
0x00007ffc36040000 - 0x00007ffc36069000 	E:\AndroidStudio\jre\jre\bin\java.dll
0x00007ffc3e920000 - 0x00007ffc3e936000 	E:\AndroidStudio\jre\jre\bin\zip.dll
0x00007ffc43870000 - 0x00007ffc43fb2000 	C:\Windows\System32\SHELL32.dll
0x00007ffc40b20000 - 0x00007ffc412b0000 	C:\Windows\SYSTEM32\windows.storage.dll
0x00007ffc43420000 - 0x00007ffc43776000 	C:\Windows\System32\combase.dll
0x00007ffc42410000 - 0x00007ffc4243c000 	C:\Windows\SYSTEM32\Wldp.dll
0x00007ffc44830000 - 0x00007ffc448de000 	C:\Windows\System32\SHCORE.dll
0x00007ffc43fc0000 - 0x00007ffc44015000 	C:\Windows\System32\shlwapi.dll
0x00007ffc428e0000 - 0x00007ffc42906000 	C:\Windows\SYSTEM32\profapi.dll
0x00007ffc3b2b0000 - 0x00007ffc3b2ca000 	E:\AndroidStudio\jre\jre\bin\net.dll
0x00007ffc42190000 - 0x00007ffc421fa000 	C:\Windows\system32\mswsock.dll
0x00007ffc35ff0000 - 0x00007ffc36003000 	E:\AndroidStudio\jre\jre\bin\nio.dll
0x00007ffc133e0000 - 0x00007ffc13406000 	C:\Users\pafim\.gradle\native\31\windows-amd64\native-platform.dll
0x00007ffc36030000 - 0x00007ffc3603d000 	E:\AndroidStudio\jre\jre\bin\management.dll
0x00007ffc42370000 - 0x00007ffc42388000 	C:\Windows\SYSTEM32\CRYPTSP.dll
0x00007ffc41ac0000 - 0x00007ffc41af4000 	C:\Windows\system32\rsaenh.dll
0x00007ffc43090000 - 0x00007ffc430b7000 	C:\Windows\System32\bcrypt.dll
0x00007ffc428a0000 - 0x00007ffc428ce000 	C:\Windows\SYSTEM32\USERENV.dll
0x00007ffc43010000 - 0x00007ffc43090000 	C:\Windows\System32\bcryptprimitives.dll
0x00007ffc42360000 - 0x00007ffc4236c000 	C:\Windows\SYSTEM32\CRYPTBASE.dll
0x00007ffc41e30000 - 0x00007ffc41e6b000 	C:\Windows\SYSTEM32\IPHLPAPI.DLL
0x00007ffc44820000 - 0x00007ffc44828000 	C:\Windows\System32\NSI.dll
0x00007ffc39b20000 - 0x00007ffc39b37000 	C:\Windows\SYSTEM32\dhcpcsvc6.DLL
0x00007ffc39a60000 - 0x00007ffc39a7d000 	C:\Windows\SYSTEM32\dhcpcsvc.DLL
0x00007ffc41e80000 - 0x00007ffc41f4b000 	C:\Windows\SYSTEM32\DNSAPI.dll
0x00007ffc13c70000 - 0x00007ffc13c94000 	E:\AndroidStudio\jre\jre\bin\sunec.dll
0x00007ffc36ca0000 - 0x00007ffc36caa000 	C:\Windows\System32\rasadhlp.dll
0x00007ffc36830000 - 0x00007ffc368af000 	C:\Windows\System32\fwpuclnt.dll
0x00007ffc32230000 - 0x00007ffc3223b000 	E:\AndroidStudio\jre\jre\bin\sunmscapi.dll
0x00007ffc42db0000 - 0x00007ffc42f06000 	C:\Windows\System32\CRYPT32.dll
0x00007ffc416f0000 - 0x00007ffc41723000 	C:\Windows\SYSTEM32\ntmarta.dll

VM Arguments:
jvm_args: -Xmx2048m -Dfile.encoding=windows-1251 -Duser.country=RU -Duser.language=ru -Duser.variant 
java_command: org.gradle.launcher.daemon.bootstrap.GradleDaemon 6.1.1
java_class_path (initial): C:\Users\pafim\.gradle\wrapper\dists\gradle-6.1.1-all\cfmwm155h49vnt3hynmlrsdst\gradle-6.1.1\lib\gradle-launcher-6.1.1.jar
Launcher Type: SUN_STANDARD

Environment Variables:
JAVA_HOME=C:\Program Files\AdoptOpenJDK\jdk-11.0.9.101-hotspot\
PATH=C:\Program Files\AdoptOpenJDK\jdk-11.0.9.101-hotspot\bin;C:\Program Files (x86)\Python38-32\Scripts\;C:\Program Files (x86)\Python38-32\;C:\ProgramData\Oracle\Java\javapath;C:\Windows\system32;C:\Windows;C:\Windows\System32\Wbem;C:\Windows\System32\WindowsPowerShell\v1.0\;C:\Windows\System32\OpenSSH\;C:\Program Files\Git\cmd;C:\xampp\php;C:\ProgramData\ComposerSetup\bin;C:\Program Files\dotnet\;C:\Program Files\Microsoft SQL Server\130\Tools\Binn\;C:\Program Files\Microsoft SQL Server\Client SDK\ODBC\170\Tools\Binn\;%USERPROFILE%\AppData\Local\Microsoft\WindowsApps;C:\Users\pafim\AppData\Local\Programs\Microsoft VS Code\bin;C:\Users\pafim\AppData\Roaming\Composer\vendor\bin;%USERPROFILE%\.dotnet\tools;C:\Users\pafim\AppData\Local\GitHubDesktop\bin;%IntelliJ IDEA Community Edition%;E:\NextGIS
USERNAME=pafim
OS=Windows_NT
PROCESSOR_IDENTIFIER=AMD64 Family 23 Model 17 Stepping 0, AuthenticAMD



---------------  S Y S T E M  ---------------

OS: Windows 10.0 , 64 bit Build 19041 (10.0.19041.804)

CPU:total 4 (initial active 4) (4 cores per cpu, 1 threads per core) family 23 model 17 stepping 0, cmov, cx8, fxsr, mmx, sse, sse2, sse3, ssse3, sse4.1, sse4.2, popcnt, avx, avx2, aes, clmul, mmxext, 3dnowpref, lzcnt, sse4a, tsc, tscinvbit, tscinv, bmi1

Memory: 4k page, physical 16723400k(5268856k free), swap 16723400k(5160k free)

vm_info: OpenJDK 64-Bit Server VM (25.242-b01) for windows-amd64 JRE (1.8.0_242-release-1644-b01), built by "builder" with MS VC++ 10.0 (VS2010)

time: Wed Feb 24 22:43:53 2021
timezone: RTZ 2 (зима)
elapsed time: 161 seconds (0d 0h 2m 41s)

